<?xml version="1.0" encoding="UTF-8"?>
<!-- Generated by org.testng.reporters.JUnitReportReporter -->
<testsuite skipped="0" hostname="HIBAIL55565" name="com.zoopla.qa.testcases.PropertyDetailPageTest" tests="1" failures="0" timestamp="20 Sep 2019 09:46:29 GMT" time="33.405" errors="0">
  <testcase name="verifyToGetAgentDetailsPageTest" time="33.405" classname="com.zoopla.qa.testcases.PropertyDetailPageTest"/>
</testsuite> <!-- com.zoopla.qa.testcases.PropertyDetailPageTest -->
