<?xml version="1.0" encoding="UTF-8"?>
<!-- Generated by org.testng.reporters.JUnitReportReporter -->
<testsuite skipped="0" hostname="HIBAIL55565" name="com.zoopla.qa.testcases.PropertyForSalePageTest" tests="1" failures="0" timestamp="19 Sep 2019 10:48:20 GMT" time="33.213" errors="0">
  <testcase name="verifyToSortThePropertyPriceListInDescendingOrderTest" time="33.213" classname="com.zoopla.qa.testcases.PropertyForSalePageTest"/>
</testsuite> <!-- com.zoopla.qa.testcases.PropertyForSalePageTest -->
