<?xml version="1.0" encoding="UTF-8"?>
<!-- Generated by org.testng.reporters.JUnitReportReporter -->
<testsuite skipped="0" hostname="HIBAIL55565" name="com.zoopla.qa.testcases.ZooplaPropertyForSalePageTest" tests="1" failures="0" timestamp="19 Sep 2019 07:00:39 GMT" time="32.516" errors="0">
  <testcase name="verifyToSortThePropertyPriceListInDescendingOrderTest" time="32.516" classname="com.zoopla.qa.testcases.ZooplaPropertyForSalePageTest"/>
</testsuite> <!-- com.zoopla.qa.testcases.ZooplaPropertyForSalePageTest -->
