<?xml version="1.0" encoding="UTF-8"?>
<!-- Generated by org.testng.reporters.JUnitReportReporter -->
<testsuite skipped="0" hostname="HIBAIL55565" name="com.zoopla.qa.testcases.ZooplaHomePageTest" tests="2" failures="0" timestamp="18 Sep 2019 10:56:47 GMT" time="43.771" errors="0">
  <testcase name="verifyPropertyForSalePageBasedOnLocationTest" time="26.765" classname="com.zoopla.qa.testcases.ZooplaHomePageTest"/>
  <testcase name="verifyZooplaHomePageTitle" time="17.006" classname="com.zoopla.qa.testcases.ZooplaHomePageTest"/>
</testsuite> <!-- com.zoopla.qa.testcases.ZooplaHomePageTest -->
