<?xml version="1.0" encoding="UTF-8"?>
<!-- Generated by org.testng.reporters.JUnitReportReporter -->
<testsuite skipped="1" hostname="HIBAIL55565" name="com.zoopla.qa.testcases.ZooplaHomePageTest" tests="2" failures="0" timestamp="19 Sep 2019 06:50:05 GMT" time="31.245" errors="0">
  <testcase name="verifyPropertyForSalePageBasedOnLocationTest" time="31.245" classname="com.zoopla.qa.testcases.ZooplaHomePageTest"/>
  <testcase name="verifyZooplaHomePageTitle" classname="com.zoopla.qa.testcases.ZooplaHomePageTest">
    <skipped/>
  </testcase> <!-- verifyZooplaHomePageTitle -->
</testsuite> <!-- com.zoopla.qa.testcases.ZooplaHomePageTest -->
