<?xml version="1.0" encoding="UTF-8"?>
<!-- Generated by org.testng.reporters.JUnitReportReporter -->
<testsuite skipped="0" hostname="HIBAIL55565" name="com.zoopla.qa.testcases.AgentDetailPageTest" tests="1" failures="0" timestamp="19 Sep 2019 10:48:20 GMT" time="46.196" errors="0">
  <testcase name="verifyAgentNameTest" time="46.196" classname="com.zoopla.qa.testcases.AgentDetailPageTest"/>
</testsuite> <!-- com.zoopla.qa.testcases.AgentDetailPageTest -->
