<?xml version="1.0" encoding="UTF-8"?>
<!-- Generated by org.testng.reporters.JUnitReportReporter -->
<testsuite skipped="0" hostname="HIBAIL55565" name="com.zoopla.qa.testcases.HomePageTest" tests="2" failures="0" timestamp="20 Sep 2019 10:36:45 GMT" time="56.447" errors="0">
  <testcase name="verifyPropertyForSalePageBasedOnLocationTest" time="34.393" classname="com.zoopla.qa.testcases.HomePageTest"/>
  <testcase name="verifyZooplaHomePageTitle" time="22.054" classname="com.zoopla.qa.testcases.HomePageTest"/>
</testsuite> <!-- com.zoopla.qa.testcases.HomePageTest -->
