<?xml version="1.0" encoding="UTF-8"?>
<!-- Generated by org.testng.reporters.JUnitReportReporter -->
<testsuite skipped="0" hostname="HIBAIL55565" name="com.zoopla.qa.testcases.HomePageTest" tests="2" failures="0" timestamp="19 Sep 2019 10:48:20 GMT" time="76.231" errors="0">
  <testcase name="verifyPropertyForSalePageBasedOnLocationTest" time="37.992" classname="com.zoopla.qa.testcases.HomePageTest"/>
  <testcase name="verifyZooplaHomePageTitle" time="38.239" classname="com.zoopla.qa.testcases.HomePageTest"/>
</testsuite> <!-- com.zoopla.qa.testcases.HomePageTest -->
