<?xml version="1.0" encoding="UTF-8"?>
<!-- Generated by org.testng.reporters.JUnitReportReporter -->
<testsuite skipped="0" hostname="HIBAIL55565" name="com.zoopla.qa.testcases.HomePageTest" tests="2" failures="0" timestamp="20 Sep 2019 09:46:29 GMT" time="46.425" errors="0">
  <testcase name="verifyPropertyForSalePageBasedOnLocationTest" time="32.391" classname="com.zoopla.qa.testcases.HomePageTest"/>
  <testcase name="verifyZooplaHomePageTitle" time="14.034" classname="com.zoopla.qa.testcases.HomePageTest"/>
</testsuite> <!-- com.zoopla.qa.testcases.HomePageTest -->
