<?xml version="1.0" encoding="UTF-8"?>
<!-- Generated by org.testng.reporters.JUnitReportReporter -->
<testsuite skipped="0" hostname="HIBAIL55565" name="com.zoopla.qa.testcases.PropertyForSalePageTest" tests="1" failures="0" timestamp="20 Sep 2019 09:46:29 GMT" time="26.561" errors="0">
  <testcase name="verifyToSortThePropertyPriceListInDescendingOrderTest" time="26.561" classname="com.zoopla.qa.testcases.PropertyForSalePageTest"/>
</testsuite> <!-- com.zoopla.qa.testcases.PropertyForSalePageTest -->
